---
sidebar_position: 4
---

在phase_3处打断点

可以看到这个部分在判断输入数字个数是否大于1
```nasm
=> 0x0000000000400f43 <+0>:	    sub    $0x18,%rsp
   0x0000000000400f47 <+4>:	    lea    0xc(%rsp),%rcx
   0x0000000000400f4c <+9>:	    lea    0x8(%rsp),%rdx
   0x0000000000400f51 <+14>:	mov    $0x4025cf,%esi
   0x0000000000400f56 <+19>:	mov    $0x0,%eax
   0x0000000000400f5b <+24>:	call   0x400bf0 <__isoc99_sscanf@plt>
   0x0000000000400f60 <+29>:	cmp    $0x1,%eax
   0x0000000000400f63 <+32>:	jg     0x400f6a <phase_3+39>
   0x0000000000400f65 <+34>:	call   0x40143a <explode_bomb>
```
接下来是一个类似switch的选择语句,需要包装第一个值小于7
```nasm
=> 0x0000000000400f6a <+39>:	cmpl   $0x7,0x8(%rsp)
   0x0000000000400f6f <+44>:	ja     0x400fad <phase_3+106>
   0x0000000000400f71 <+46>:	mov    0x8(%rsp),%eax
   0x0000000000400f75 <+50>:	jmp    *0x402470(,%rax,8)
   0x0000000000400f7c <+57>:	mov    $0xcf,%eax
   0x0000000000400f81 <+62>:	jmp    0x400fbe <phase_3+123>
   0x0000000000400f83 <+64>:	mov    $0x2c3,%eax
   0x0000000000400f88 <+69>:	jmp    0x400fbe <phase_3+123>
   0x0000000000400f8a <+71>:	mov    $0x100,%eax
   0x0000000000400f8f <+76>:	jmp    0x400fbe <phase_3+123>
   0x0000000000400f91 <+78>:	mov    $0x185,%eax
   0x0000000000400f96 <+83>:	jmp    0x400fbe <phase_3+123>
   0x0000000000400f98 <+85>:	mov    $0xce,%eax
   0x0000000000400f9d <+90>:	jmp    0x400fbe <phase_3+123>
   0x0000000000400f9f <+92>:	mov    $0x2aa,%eax
   0x0000000000400fa4 <+97>:	jmp    0x400fbe <phase_3+123>
   0x0000000000400fa6 <+99>:	mov    $0x147,%eax
   0x0000000000400fab <+104>:	jmp    0x400fbe <phase_3+123>
   0x0000000000400fad <+106>:	call   0x40143a <explode_bomb>
   0x0000000000400fb2 <+111>:	mov    $0x0,%eax
   0x0000000000400fb7 <+116>:	jmp    0x400fbe <phase_3+123>
   0x0000000000400fb9 <+118>:	mov    $0x137,%eax
```
打印一下0x402470位置的内存,可以看到不同输入对应的跳转
```shell
(gdb) x/8xg 0x402470
0x402470:	0x0000000000400f7c	0x0000000000400fb9
0x402480:	0x0000000000400f83	0x0000000000400f8a
0x402490:	0x0000000000400f91	0x0000000000400f98
0x4024a0:	0x0000000000400f9f	0x0000000000400fa6
```
得到所有可能的答案
```
0 207  
1 311  
2 707  
3 256  
4 389  
5 206  
6 682  
7 327  
```